  Building 'ndislwf1' with toolset 'WindowsKernelModeDriver10.0' and the 'Universal' target platform.
  Stamping x64\Release\ndislwf1.inf
  Stamping [Version] section with DriverVer=09/24/2020,18.21.26.763
C:\Users\97254\source\repos\ndislwf1\ndislwf1\ndislwf1.inf(8-8): warning 1324: [Version] section should specify PnpLockdown=1.
  precomp.c
  Packet.c
  filter.c
  device.c
  flt_dbg.c
  Generating Code...
  ndislwf1.vcxproj -> C:\Users\97254\source\repos\ndislwf1\x64\Release\ndislwf1.sys
  Done Adding Additional Store
  Successfully signed: C:\Users\97254\source\repos\ndislwf1\x64\Release\ndislwf1.sys
  
  Driver is 'Universal'.
  ........................
  Signability test complete.
  
  Errors:
  None
  
  Warnings:
  None
  
  Catalog generation complete.
  C:\Users\97254\source\repos\ndislwf1\x64\Release\ndislwf1\ndislwf1.cat
  Done Adding Additional Store
  Successfully signed: C:\Users\97254\source\repos\ndislwf1\x64\Release\ndislwf1\ndislwf1.cat
  
