c:\users\ziv\source\repos\ndislwf1\ndislwf1\x64\release\ndislwf1.pch
c:\users\ziv\source\repos\ndislwf1\ndislwf1\x64\release\vc142.pdb
c:\users\ziv\source\repos\ndislwf1\ndislwf1\x64\release\precomp.obj
c:\users\ziv\source\repos\ndislwf1\ndislwf1\x64\release\flt_dbg.obj
c:\users\ziv\source\repos\ndislwf1\ndislwf1\x64\release\device.obj
c:\users\ziv\source\repos\ndislwf1\ndislwf1\x64\release\filter.obj
c:\users\ziv\source\repos\ndislwf1\x64\release\ndislwf1\ndislwf1.cat
c:\users\ziv\source\repos\ndislwf1\x64\release\ndislwf1.sys
c:\users\ziv\source\repos\ndislwf1\x64\release\ndislwf1.pdb
c:\users\ziv\source\repos\ndislwf1\ndislwf1\x64\release\filter.res
c:\users\ziv\source\repos\ndislwf1\ndislwf1\x64\release\ndislwf1.inf
c:\users\97254\source\repos\ndislwf1\x64\release\ndislwf1.cer
c:\users\97254\source\repos\ndislwf1\x64\release\ndislwf1.inf
c:\users\97254\source\repos\ndislwf1\ndislwf1\x64\release\device.obj
c:\users\97254\source\repos\ndislwf1\ndislwf1\x64\release\filter.obj
c:\users\97254\source\repos\ndislwf1\ndislwf1\x64\release\flt_dbg.obj
c:\users\97254\source\repos\ndislwf1\ndislwf1\x64\release\precomp.obj
c:\users\97254\source\repos\ndislwf1\ndislwf1\x64\release\filter.res
c:\users\97254\source\repos\ndislwf1\ndislwf1\x64\release\ndislwf1.pch
c:\users\97254\source\repos\ndislwf1\ndislwf1\x64\release\vc142.pdb
c:\users\97254\source\repos\ndislwf1\x64\release\ndislwf1.pdb
c:\users\97254\source\repos\ndislwf1\x64\release\ndislwf1.sys
c:\users\97254\source\repos\ndislwf1\ndislwf1\x64\release\ndislwf1.tlog\cl.command.1.tlog
c:\users\97254\source\repos\ndislwf1\ndislwf1\x64\release\ndislwf1.tlog\cl.read.1.tlog
c:\users\97254\source\repos\ndislwf1\ndislwf1\x64\release\ndislwf1.tlog\cl.write.1.tlog
c:\users\97254\source\repos\ndislwf1\ndislwf1\x64\release\ndislwf1.tlog\inf2cat-expand.31556.read.1.tlog
c:\users\97254\source\repos\ndislwf1\ndislwf1\x64\release\ndislwf1.tlog\inf2cat-expand.31556.write.1.tlog
c:\users\97254\source\repos\ndislwf1\ndislwf1\x64\release\ndislwf1.tlog\inf2cat-expand.read.1.tlog
c:\users\97254\source\repos\ndislwf1\ndislwf1\x64\release\ndislwf1.tlog\inf2cat-expand.write.1.tlog
c:\users\97254\source\repos\ndislwf1\ndislwf1\x64\release\ndislwf1.tlog\inf2cat.command.1.tlog
c:\users\97254\source\repos\ndislwf1\ndislwf1\x64\release\ndislwf1.tlog\inf2cat.read.1.tlog
c:\users\97254\source\repos\ndislwf1\ndislwf1\x64\release\ndislwf1.tlog\inf2cat.read.8.tlog
c:\users\97254\source\repos\ndislwf1\ndislwf1\x64\release\ndislwf1.tlog\inf2cat.write.1.tlog
c:\users\97254\source\repos\ndislwf1\ndislwf1\x64\release\ndislwf1.tlog\inf2cat.write.8.tlog
c:\users\97254\source\repos\ndislwf1\ndislwf1\x64\release\ndislwf1.tlog\link.command.1.tlog
c:\users\97254\source\repos\ndislwf1\ndislwf1\x64\release\ndislwf1.tlog\link.read.1.tlog
c:\users\97254\source\repos\ndislwf1\ndislwf1\x64\release\ndislwf1.tlog\link.write.1.tlog
c:\users\97254\source\repos\ndislwf1\ndislwf1\x64\release\ndislwf1.tlog\rc.command.1.tlog
c:\users\97254\source\repos\ndislwf1\ndislwf1\x64\release\ndislwf1.tlog\rc.read.1.tlog
c:\users\97254\source\repos\ndislwf1\ndislwf1\x64\release\ndislwf1.tlog\rc.write.1.tlog
c:\users\97254\source\repos\ndislwf1\ndislwf1\x64\release\ndislwf1.tlog\signtool.command.1.tlog
c:\users\97254\source\repos\ndislwf1\ndislwf1\x64\release\ndislwf1.tlog\signtool.read.1.tlog
c:\users\97254\source\repos\ndislwf1\ndislwf1\x64\release\ndislwf1.tlog\signtool.timestamp.1.tlog
c:\users\97254\source\repos\ndislwf1\ndislwf1\x64\release\ndislwf1.tlog\signtool.write.1.tlog
c:\users\97254\source\repos\ndislwf1\ndislwf1\x64\release\ndislwf1.tlog\stampinf.command.1.tlog
c:\users\97254\source\repos\ndislwf1\ndislwf1\x64\release\ndislwf1.tlog\stampinf.read.1.tlog
c:\users\97254\source\repos\ndislwf1\ndislwf1\x64\release\ndislwf1.tlog\stampinf.write.1.tlog
