c:\users\97254\source\repos\ndislwf1\ndislwf1\x64\debug\ndislwf1.pch
c:\users\97254\source\repos\ndislwf1\ndislwf1\x64\debug\vc142.pdb
c:\users\97254\source\repos\ndislwf1\ndislwf1\x64\debug\precomp.obj
c:\users\97254\source\repos\ndislwf1\ndislwf1\x64\debug\flt_dbg.obj
c:\users\97254\source\repos\ndislwf1\ndislwf1\x64\debug\device.obj
c:\users\97254\source\repos\ndislwf1\ndislwf1\x64\debug\filter.obj
c:\users\97254\source\repos\ndislwf1\ndislwf1\x64\debug\packet.obj
c:\users\97254\source\repos\ndislwf1\x64\debug\ndislwf1\ndislwf1.cat
c:\users\97254\source\repos\ndislwf1\x64\debug\ndislwf1.sys
c:\users\97254\source\repos\ndislwf1\x64\debug\ndislwf1.pdb
c:\users\97254\source\repos\ndislwf1\ndislwf1\x64\debug\filter.res
c:\users\97254\source\repos\ndislwf1\ndislwf1\x64\debug\ndislwf1.inf
c:\users\97254\source\repos\ndislwf1\x64\debug\ndislwf1.cer
c:\users\97254\source\repos\ndislwf1\x64\debug\ndislwf1.inf
c:\users\97254\source\repos\ndislwf1\ndislwf1\x64\debug\ndislwf1.tlog\cl.command.1.tlog
c:\users\97254\source\repos\ndislwf1\ndislwf1\x64\debug\ndislwf1.tlog\cl.read.1.tlog
c:\users\97254\source\repos\ndislwf1\ndislwf1\x64\debug\ndislwf1.tlog\cl.write.1.tlog
c:\users\97254\source\repos\ndislwf1\ndislwf1\x64\debug\ndislwf1.tlog\inf2cat-expand.13204.read.1.tlog
c:\users\97254\source\repos\ndislwf1\ndislwf1\x64\debug\ndislwf1.tlog\inf2cat-expand.13204.write.1.tlog
c:\users\97254\source\repos\ndislwf1\ndislwf1\x64\debug\ndislwf1.tlog\inf2cat-expand.read.1.tlog
c:\users\97254\source\repos\ndislwf1\ndislwf1\x64\debug\ndislwf1.tlog\inf2cat-expand.write.1.tlog
c:\users\97254\source\repos\ndislwf1\ndislwf1\x64\debug\ndislwf1.tlog\inf2cat.command.1.tlog
c:\users\97254\source\repos\ndislwf1\ndislwf1\x64\debug\ndislwf1.tlog\inf2cat.read.1.tlog
c:\users\97254\source\repos\ndislwf1\ndislwf1\x64\debug\ndislwf1.tlog\inf2cat.write.1.tlog
c:\users\97254\source\repos\ndislwf1\ndislwf1\x64\debug\ndislwf1.tlog\link.command.1.tlog
c:\users\97254\source\repos\ndislwf1\ndislwf1\x64\debug\ndislwf1.tlog\link.read.1.tlog
c:\users\97254\source\repos\ndislwf1\ndislwf1\x64\debug\ndislwf1.tlog\link.write.1.tlog
c:\users\97254\source\repos\ndislwf1\ndislwf1\x64\debug\ndislwf1.tlog\rc.command.1.tlog
c:\users\97254\source\repos\ndislwf1\ndislwf1\x64\debug\ndislwf1.tlog\rc.read.1.tlog
c:\users\97254\source\repos\ndislwf1\ndislwf1\x64\debug\ndislwf1.tlog\rc.write.1.tlog
c:\users\97254\source\repos\ndislwf1\ndislwf1\x64\debug\ndislwf1.tlog\signtool.command.1.tlog
c:\users\97254\source\repos\ndislwf1\ndislwf1\x64\debug\ndislwf1.tlog\signtool.read.1.tlog
c:\users\97254\source\repos\ndislwf1\ndislwf1\x64\debug\ndislwf1.tlog\signtool.timestamp.1.tlog
c:\users\97254\source\repos\ndislwf1\ndislwf1\x64\debug\ndislwf1.tlog\signtool.write.1.tlog
c:\users\97254\source\repos\ndislwf1\ndislwf1\x64\debug\ndislwf1.tlog\stampinf.command.1.tlog
c:\users\97254\source\repos\ndislwf1\ndislwf1\x64\debug\ndislwf1.tlog\stampinf.read.1.tlog
c:\users\97254\source\repos\ndislwf1\ndislwf1\x64\debug\ndislwf1.tlog\stampinf.write.1.tlog
